[Thu Nov 14 19:28:53 2024] Database loaded successfully
[Thu Nov 14 19:28:53 2024] Worker initialized with type:int32_t hash:SHA1 side:client
[Thu Nov 14 19:28:53 2024] Server started with parameters: int32_t:SHA1:client
[Thu Nov 14 19:29:19 2024] New connection accepted on socket: 5
[Thu Nov 14 19:29:19 2024] Received authentication message
[Thu Nov 14 19:29:19 2024] Failed authentication attempt for user: user
[Thu Nov 14 19:35:05 2024] Database loaded successfully
[Thu Nov 14 19:35:05 2024] Worker initialized with type:int32_t hash:SHA1 side:client
[Thu Nov 14 19:35:05 2024] Server started with parameters: int32_t:SHA1:client
[Thu Nov 14 19:35:11 2024] New connection accepted on socket: 5
[Thu Nov 14 19:35:11 2024] Received authentication message
[Thu Nov 14 19:35:11 2024] Failed authentication attempt for user: user
[Thu Nov 14 19:37:25 2024] Database loaded successfully
[Thu Nov 14 19:37:25 2024] Worker initialized with type:int32_t hash:SHA1 side:client
[Thu Nov 14 19:37:25 2024] Server started with parameters: int32_t:SHA1:client
[Thu Nov 14 19:37:31 2024] New connection accepted on socket: 5
[Thu Nov 14 19:37:31 2024] Received authentication message
[Thu Nov 14 19:37:31 2024] Failed authentication attempt for user: user
[Thu Nov 14 19:40:29 2024] Database loaded successfully
[Thu Nov 14 19:40:29 2024] Worker initialized with type:int32_t hash:SHA1 side:client
[Thu Nov 14 19:40:29 2024] Server started with parameters: int32_t:SHA1:client
[Thu Nov 14 19:40:35 2024] New connection accepted on socket: 5
[Thu Nov 14 19:40:35 2024] Received authentication message: user6569A6AB11CA400864C373087077E3FB2ABB21345F534298A32287C1
[Thu Nov 14 19:40:35 2024] Detected USERNAME: user
[Thu Nov 14 19:40:35 2024] Auth error: unknown user: user
[Thu Nov 14 19:50:05 2024] Database loaded successfully
[Thu Nov 14 19:50:05 2024] Worker initialized with type:int32_t hash:SHA1 side:client
[Thu Nov 14 19:50:05 2024] Server started with parameters: int32_t:SHA1:client
[Thu Nov 14 19:50:09 2024] New connection accepted on socket: 5
[Thu Nov 14 19:50:09 2024] Received authentication message
[Thu Nov 14 19:50:09 2024] Detected USERNAME: user
[Thu Nov 14 19:50:09 2024] Auth error: unknown user: user
[Thu Nov 14 19:52:41 2024] Database loaded successfully
[Thu Nov 14 19:52:41 2024] Worker initialized with type:int32_t hash:SHA1 side:client
[Thu Nov 14 19:52:41 2024] Server started with parameters: int32_t:SHA1:client
[Thu Nov 14 19:52:45 2024] New connection accepted on socket: 5
[Thu Nov 14 19:52:45 2024] Received authentication message
[Thu Nov 14 19:52:45 2024] Detected USERNAME: user
[Thu Nov 14 19:52:45 2024] Auth error: unknown user: user
[Thu Nov 14 19:53:25 2024] Database loaded successfully
[Thu Nov 14 19:53:25 2024] Worker initialized with type:int32_t hash:SHA1 side:client
[Thu Nov 14 19:53:25 2024] Server started with parameters: int32_t:SHA1:client
[Thu Nov 14 19:53:30 2024] New connection accepted on socket: 5
[Thu Nov 14 19:53:30 2024] Received authentication message
[Thu Nov 14 19:53:30 2024] Detected USERNAME: user
[Thu Nov 14 19:53:30 2024] Auth error: unknown user: user
